[debug] [2020-02-09T01:32:43.288Z] ----------------------------------------------------------------------
[debug] [2020-02-09T01:32:43.290Z] Command:       /usr/local/Cellar/node/12.10.0/bin/node /usr/local/bin/firebase serve
[debug] [2020-02-09T01:32:43.290Z] CLI Version:   7.11.0
[debug] [2020-02-09T01:32:43.290Z] Platform:      darwin
[debug] [2020-02-09T01:32:43.290Z] Node Version:  v12.10.0
[debug] [2020-02-09T01:32:43.301Z] Time:          Sat Feb 08 2020 17:32:43 GMT-0800 (Pacific Standard Time)
[debug] [2020-02-09T01:32:43.301Z] ----------------------------------------------------------------------
[debug] [2020-02-09T01:32:43.301Z] 
[debug] [2020-02-09T01:32:43.310Z] > command requires scopes: ["email","openid","https://www.googleapis.com/auth/cloudplatformprojects.readonly","https://www.googleapis.com/auth/firebase","https://www.googleapis.com/auth/cloud-platform"]
[debug] [2020-02-09T01:32:43.311Z] > authorizing via signed-in user
[debug] [2020-02-09T01:32:43.311Z] [iam] checking project hwoverflow-app for permissions ["firebase.projects.get"]
[debug] [2020-02-09T01:32:43.312Z] > refreshing access token with scopes: ["email","https://www.googleapis.com/auth/cloud-platform","https://www.googleapis.com/auth/cloudplatformprojects.readonly","https://www.googleapis.com/auth/firebase","openid"]
[debug] [2020-02-09T01:32:43.312Z] >>> HTTP REQUEST POST https://www.googleapis.com/oauth2/v3/token  
 <request body omitted>
[debug] [2020-02-09T01:32:43.504Z] <<< HTTP RESPONSE 200
[debug] [2020-02-09T01:32:43.520Z] >>> HTTP REQUEST POST https://cloudresourcemanager.googleapis.com/v1/projects/hwoverflow-app:testIamPermissions  

[debug] [2020-02-09T01:32:43.710Z] <<< HTTP RESPONSE 200
[debug] [2020-02-09T01:32:43.711Z] >>> HTTP REQUEST GET https://firebase.googleapis.com/v1beta1/projects/hwoverflow-app  
 
[debug] [2020-02-09T01:32:43.938Z] <<< HTTP RESPONSE 200
[info] 
[info] === Serving from '/Users/tashyue/Desktop/hwoverflow'...
[info] 
[warn] ⚠  Your requested "node" version "8" doesn't match your global version "12"
[info] ✔  functions: Emulator started at http://localhost:5000
[info] i  functions: Watching "/Users/tashyue/Desktop/hwoverflow/functions" for Cloud Functions...
[debug] [2020-02-09T01:32:44.219Z] [worker-pool] addWorker(~diagnostic~)
[debug] [2020-02-09T01:32:44.220Z] [worker-pool] Adding worker with key ~diagnostic~, total=1
[debug] [2020-02-09T01:32:44.220Z] [worker-pool] submitWork(triggerId=)
[debug] [2020-02-09T01:32:44.220Z] [worker-~diagnostic~-3c6d3b55-4305-4e2e-aba7-9f93d9c6f338]: Assigning socketPath: /var/folders/gs/q6pvt9_54_z4k6t5xtm19fpw0000gn/T/fire_emu_10588.sock
[debug] [2020-02-09T01:32:44.220Z] [worker-~diagnostic~-3c6d3b55-4305-4e2e-aba7-9f93d9c6f338]: BUSY
[debug] [2020-02-09T01:32:44.372Z] [runtime-status] [10588] Functions runtime initialized. {"cwd":"/Users/tashyue/Desktop/hwoverflow/functions","node_version":"12.10.0"}
[debug] [2020-02-09T01:32:44.373Z] [runtime-status] [10588] Disabled runtime features: {"functions_config_helper":true,"network_filtering":true,"timeout":true,"memory_limiting":true,"admin_stubs":true,"pubsub_emulator":true}
[debug] [2020-02-09T01:32:44.374Z] [runtime-status] [10588] Resolved module firebase-admin {"declared":true,"installed":true,"version":"8.9.0","resolution":"/Users/tashyue/Desktop/hwoverflow/functions/node_modules/firebase-admin/lib/index.js"}
[debug] [2020-02-09T01:32:44.375Z] [runtime-status] [10588] Resolved module firebase-functions {"declared":true,"installed":true,"version":"3.3.0","resolution":"/Users/tashyue/Desktop/hwoverflow/functions/node_modules/firebase-functions/lib/index.js"}
[debug] [2020-02-09T01:32:44.375Z] [runtime-status] [10588] Resolved module firebase-functions {"declared":true,"installed":true,"version":"3.3.0","resolution":"/Users/tashyue/Desktop/hwoverflow/functions/node_modules/firebase-functions/lib/index.js"}
[warn] ⚠  FirebaseError: Firebase: Firebase App named '[DEFAULT]' already exists (app/duplicate-app).
    at Object.initializeApp (/Users/tashyue/Desktop/hwoverflow/functions/node_modules/@firebase/app/dist/index.node.cjs.js:378:33)
    at Object.<anonymous> (/Users/tashyue/Desktop/hwoverflow/functions/handlers/questions.js:6:10)
    at Module._compile (internal/modules/cjs/loader.js:936:30)
    at Object.Module._extensions..js (internal/modules/cjs/loader.js:947:10)
    at Module.load (internal/modules/cjs/loader.js:790:32)
    at Function.Module._load (internal/modules/cjs/loader.js:703:12)
    at Module.require (internal/modules/cjs/loader.js:830:19)
    at require (internal/modules/cjs/helpers.js:68:18)
    at Object.<anonymous> (/Users/tashyue/Desktop/hwoverflow/functions/index.js:20:5)
    at Module._compile (internal/modules/cjs/loader.js:936:30)
[warn] ⚠  We were unable to load your functions code. (see above)
[debug] [2020-02-09T01:32:44.701Z] [worker-~diagnostic~-3c6d3b55-4305-4e2e-aba7-9f93d9c6f338]: exited
[debug] [2020-02-09T01:32:44.701Z] [worker-~diagnostic~-3c6d3b55-4305-4e2e-aba7-9f93d9c6f338]: FINISHED
[debug] [2020-02-09T01:33:04.991Z] File /Users/tashyue/Desktop/hwoverflow/functions/handlers/questions.js changed, reloading triggers
[debug] [2020-02-09T01:33:05.993Z] [worker-pool] Cleaned up workers for ~diagnostic~: 1 --> 0
[debug] [2020-02-09T01:33:05.997Z] [worker-pool] addWorker(~diagnostic~)
[debug] [2020-02-09T01:33:05.997Z] [worker-pool] Adding worker with key ~diagnostic~, total=1
[debug] [2020-02-09T01:33:05.997Z] [worker-pool] submitWork(triggerId=)
[debug] [2020-02-09T01:33:05.998Z] [worker-~diagnostic~-95aa685e-2e66-4b0f-aa23-e02f8f74d18e]: Assigning socketPath: /var/folders/gs/q6pvt9_54_z4k6t5xtm19fpw0000gn/T/fire_emu_10599.sock
[debug] [2020-02-09T01:33:05.998Z] [worker-~diagnostic~-95aa685e-2e66-4b0f-aa23-e02f8f74d18e]: BUSY
[debug] [2020-02-09T01:33:06.160Z] [runtime-status] [10599] Functions runtime initialized. {"cwd":"/Users/tashyue/Desktop/hwoverflow/functions","node_version":"12.10.0"}
[debug] [2020-02-09T01:33:06.161Z] [runtime-status] [10599] Disabled runtime features: {"functions_config_helper":true,"network_filtering":true,"timeout":true,"memory_limiting":true,"admin_stubs":true,"pubsub_emulator":true}
[debug] [2020-02-09T01:33:06.162Z] [runtime-status] [10599] Resolved module firebase-admin {"declared":true,"installed":true,"version":"8.9.0","resolution":"/Users/tashyue/Desktop/hwoverflow/functions/node_modules/firebase-admin/lib/index.js"}
[debug] [2020-02-09T01:33:06.163Z] [runtime-status] [10599] Resolved module firebase-functions {"declared":true,"installed":true,"version":"3.3.0","resolution":"/Users/tashyue/Desktop/hwoverflow/functions/node_modules/firebase-functions/lib/index.js"}
[debug] [2020-02-09T01:33:06.163Z] [runtime-status] [10599] Resolved module firebase-functions {"declared":true,"installed":true,"version":"3.3.0","resolution":"/Users/tashyue/Desktop/hwoverflow/functions/node_modules/firebase-functions/lib/index.js"}
[warn] ⚠  /Users/tashyue/Desktop/hwoverflow/functions/utils/firebase.js:6
export default firebaseInit;
^^^^^^

SyntaxError: Unexpected token export
    at Module._compile (internal/modules/cjs/loader.js:872:18)
    at Object.Module._extensions..js (internal/modules/cjs/loader.js:947:10)
    at Module.load (internal/modules/cjs/loader.js:790:32)
    at Function.Module._load (internal/modules/cjs/loader.js:703:12)
    at Module.require (internal/modules/cjs/loader.js:830:19)
    at require (internal/modules/cjs/helpers.js:68:18)
    at Object.<anonymous> (/Users/tashyue/Desktop/hwoverflow/functions/handlers/questions.js:5:22)
    at Module._compile (internal/modules/cjs/loader.js:936:30)
    at Object.Module._extensions..js (internal/modules/cjs/loader.js:947:10)
    at Module.load (internal/modules/cjs/loader.js:790:32)
[warn] ⚠  We were unable to load your functions code. (see above)
[debug] [2020-02-09T01:33:06.490Z] [worker-~diagnostic~-95aa685e-2e66-4b0f-aa23-e02f8f74d18e]: exited
[debug] [2020-02-09T01:33:06.490Z] [worker-~diagnostic~-95aa685e-2e66-4b0f-aa23-e02f8f74d18e]: FINISHED
[debug] [2020-02-09T01:33:57.003Z] File /Users/tashyue/Desktop/hwoverflow/functions/utils/firebase.js changed, reloading triggers
[debug] [2020-02-09T01:33:58.006Z] [worker-pool] Cleaned up workers for ~diagnostic~: 1 --> 0
[debug] [2020-02-09T01:33:58.010Z] [worker-pool] addWorker(~diagnostic~)
[debug] [2020-02-09T01:33:58.010Z] [worker-pool] Adding worker with key ~diagnostic~, total=1
[debug] [2020-02-09T01:33:58.010Z] [worker-pool] submitWork(triggerId=)
[debug] [2020-02-09T01:33:58.011Z] [worker-~diagnostic~-914b853a-21c8-47af-97bb-8e31c2cca4ed]: Assigning socketPath: /var/folders/gs/q6pvt9_54_z4k6t5xtm19fpw0000gn/T/fire_emu_10654.sock
[debug] [2020-02-09T01:33:58.011Z] [worker-~diagnostic~-914b853a-21c8-47af-97bb-8e31c2cca4ed]: BUSY
[debug] [2020-02-09T01:33:58.181Z] [runtime-status] [10654] Functions runtime initialized. {"cwd":"/Users/tashyue/Desktop/hwoverflow/functions","node_version":"12.10.0"}
[debug] [2020-02-09T01:33:58.182Z] [runtime-status] [10654] Disabled runtime features: {"functions_config_helper":true,"network_filtering":true,"timeout":true,"memory_limiting":true,"admin_stubs":true,"pubsub_emulator":true}
[debug] [2020-02-09T01:33:58.183Z] [runtime-status] [10654] Resolved module firebase-admin {"declared":true,"installed":true,"version":"8.9.0","resolution":"/Users/tashyue/Desktop/hwoverflow/functions/node_modules/firebase-admin/lib/index.js"}
[debug] [2020-02-09T01:33:58.184Z] [runtime-status] [10654] Resolved module firebase-functions {"declared":true,"installed":true,"version":"3.3.0","resolution":"/Users/tashyue/Desktop/hwoverflow/functions/node_modules/firebase-functions/lib/index.js"}
[debug] [2020-02-09T01:33:58.185Z] [runtime-status] [10654] Resolved module firebase-functions {"declared":true,"installed":true,"version":"3.3.0","resolution":"/Users/tashyue/Desktop/hwoverflow/functions/node_modules/firebase-functions/lib/index.js"}
[warn] ⚠  FirebaseError: Firebase: Firebase App named '[DEFAULT]' already exists (app/duplicate-app).
    at Object.initializeApp (/Users/tashyue/Desktop/hwoverflow/functions/node_modules/@firebase/app/dist/index.node.cjs.js:378:33)
    at Object.<anonymous> (/Users/tashyue/Desktop/hwoverflow/functions/utils/firebase.js:5:31)
    at Module._compile (internal/modules/cjs/loader.js:936:30)
    at Object.Module._extensions..js (internal/modules/cjs/loader.js:947:10)
    at Module.load (internal/modules/cjs/loader.js:790:32)
    at Function.Module._load (internal/modules/cjs/loader.js:703:12)
    at Module.require (internal/modules/cjs/loader.js:830:19)
    at require (internal/modules/cjs/helpers.js:68:18)
    at Object.<anonymous> (/Users/tashyue/Desktop/hwoverflow/functions/handlers/questions.js:5:22)
    at Module._compile (internal/modules/cjs/loader.js:936:30)
[warn] ⚠  We were unable to load your functions code. (see above)
[debug] [2020-02-09T01:33:58.511Z] [worker-~diagnostic~-914b853a-21c8-47af-97bb-8e31c2cca4ed]: exited
[debug] [2020-02-09T01:33:58.511Z] [worker-~diagnostic~-914b853a-21c8-47af-97bb-8e31c2cca4ed]: FINISHED
[debug] [2020-02-09T01:35:12.808Z] File /Users/tashyue/Desktop/hwoverflow/functions/handlers/questions.js changed, reloading triggers
[debug] [2020-02-09T01:35:13.813Z] [worker-pool] Cleaned up workers for ~diagnostic~: 1 --> 0
[debug] [2020-02-09T01:35:13.815Z] [worker-pool] addWorker(~diagnostic~)
[debug] [2020-02-09T01:35:13.815Z] [worker-pool] Adding worker with key ~diagnostic~, total=1
[debug] [2020-02-09T01:35:13.815Z] [worker-pool] submitWork(triggerId=)
[debug] [2020-02-09T01:35:13.816Z] [worker-~diagnostic~-e8751a7c-2f19-4ea9-b796-41dcac43c1f5]: Assigning socketPath: /var/folders/gs/q6pvt9_54_z4k6t5xtm19fpw0000gn/T/fire_emu_10681.sock
[debug] [2020-02-09T01:35:13.816Z] [worker-~diagnostic~-e8751a7c-2f19-4ea9-b796-41dcac43c1f5]: BUSY
[debug] [2020-02-09T01:35:13.986Z] [runtime-status] [10681] Functions runtime initialized. {"cwd":"/Users/tashyue/Desktop/hwoverflow/functions","node_version":"12.10.0"}
[debug] [2020-02-09T01:35:13.988Z] [runtime-status] [10681] Disabled runtime features: {"functions_config_helper":true,"network_filtering":true,"timeout":true,"memory_limiting":true,"admin_stubs":true,"pubsub_emulator":true}
[debug] [2020-02-09T01:35:13.989Z] [runtime-status] [10681] Resolved module firebase-admin {"declared":true,"installed":true,"version":"8.9.0","resolution":"/Users/tashyue/Desktop/hwoverflow/functions/node_modules/firebase-admin/lib/index.js"}
[debug] [2020-02-09T01:35:13.990Z] [runtime-status] [10681] Resolved module firebase-functions {"declared":true,"installed":true,"version":"3.3.0","resolution":"/Users/tashyue/Desktop/hwoverflow/functions/node_modules/firebase-functions/lib/index.js"}
[debug] [2020-02-09T01:35:13.991Z] [runtime-status] [10681] Resolved module firebase-functions {"declared":true,"installed":true,"version":"3.3.0","resolution":"/Users/tashyue/Desktop/hwoverflow/functions/node_modules/firebase-functions/lib/index.js"}
[info] ✔  functions[api]: http function initialized (http://localhost:5000/hwoverflow-app/us-central1/api).
[debug] [2020-02-09T01:35:14.343Z] [worker-~diagnostic~-e8751a7c-2f19-4ea9-b796-41dcac43c1f5]: IDLE
[debug] [2020-02-11T00:39:01.304Z] [work-queue] {"queueLength":1,"workRunningCount":0}
[debug] [2020-02-11T00:39:01.306Z] [work-queue] {"queueLength":0,"workRunningCount":1}
[debug] [2020-02-11T00:39:01.307Z] Accepted request POST /hwoverflow-app/us-central1/api/login --> api
[debug] [2020-02-11T00:39:01.317Z] [worker-pool] addWorker(api)
[debug] [2020-02-11T00:39:01.317Z] [worker-pool] Adding worker with key api, total=1
[debug] [2020-02-11T00:39:01.317Z] [worker-pool] submitWork(triggerId=api)
[debug] [2020-02-11T00:39:01.317Z] [worker-api-db9a61e0-c32c-495b-b81b-1c1df4eb562f]: Assigning socketPath: /var/folders/gs/q6pvt9_54_z4k6t5xtm19fpw0000gn/T/fire_emu_11130.sock
[debug] [2020-02-11T00:39:01.318Z] [worker-api-db9a61e0-c32c-495b-b81b-1c1df4eb562f]: BUSY
[debug] [2020-02-11T00:39:01.929Z] [runtime-status] [11130] Functions runtime initialized. {"cwd":"/Users/tashyue/Desktop/hwoverflow/functions","node_version":"12.10.0"}
[debug] [2020-02-11T00:39:01.931Z] [runtime-status] [11130] Disabled runtime features: {"functions_config_helper":true,"network_filtering":true,"timeout":true,"memory_limiting":true,"admin_stubs":true,"pubsub_emulator":true}
[debug] [2020-02-11T00:39:01.937Z] [runtime-status] [11130] Resolved module firebase-admin {"declared":true,"installed":true,"version":"8.9.0","resolution":"/Users/tashyue/Desktop/hwoverflow/functions/node_modules/firebase-admin/lib/index.js"}
[debug] [2020-02-11T00:39:01.938Z] [runtime-status] [11130] Resolved module firebase-functions {"declared":true,"installed":true,"version":"3.3.0","resolution":"/Users/tashyue/Desktop/hwoverflow/functions/node_modules/firebase-functions/lib/index.js"}
[debug] [2020-02-11T00:39:01.939Z] [runtime-status] [11130] Resolved module firebase-functions {"declared":true,"installed":true,"version":"3.3.0","resolution":"/Users/tashyue/Desktop/hwoverflow/functions/node_modules/firebase-functions/lib/index.js"}
[debug] [2020-02-11T00:39:02.923Z] [runtime-status] [11130] Trigger "api" has been found, beginning invocation!
[info] i  functions: Beginning execution of "api"
[debug] [2020-02-11T00:39:02.925Z] [runtime-status] [11130] triggerDefinition {"httpsTrigger":{},"name":"api","entryPoint":"api"}
[debug] [2020-02-11T00:39:02.925Z] [runtime-status] [11130] Running api in mode HTTPS
[debug] [2020-02-11T00:39:02.927Z] [runtime-status] [11130] Attempting to listen to socketPath: /var/folders/gs/q6pvt9_54_z4k6t5xtm19fpw0000gn/T/fire_emu_11130.sock
[debug] [2020-02-11T00:39:02.935Z] [functions] Runtime ready! Sending request!
[debug] [2020-02-11T00:39:02.966Z] [runtime-status] [11130] Ephemeral server handling POST request
[debug] [2020-02-11T00:39:02.993Z] [runtime-status] [11130] Ephemeral server survived.
[info] i  functions: Finished "api" in ~1s
[debug] [2020-02-11T00:39:03.626Z] [worker-api-db9a61e0-c32c-495b-b81b-1c1df4eb562f]: IDLE
[debug] [2020-02-11T00:39:03.626Z] [work-queue] {"queueLength":0,"workRunningCount":0}
[debug] [2020-02-11T00:39:27.311Z] [work-queue] {"queueLength":1,"workRunningCount":0}
[debug] [2020-02-11T00:39:27.312Z] [work-queue] {"queueLength":0,"workRunningCount":1}
[debug] [2020-02-11T00:39:27.312Z] Accepted request POST /hwoverflow-app/us-central1/api/user/image --> api
[debug] [2020-02-11T00:39:27.312Z] [worker-pool] submitWork(triggerId=api)
[debug] [2020-02-11T00:39:27.312Z] [worker-api-db9a61e0-c32c-495b-b81b-1c1df4eb562f]: Assigning socketPath: /var/folders/gs/q6pvt9_54_z4k6t5xtm19fpw0000gn/T/fire_emu_11130.sock
[debug] [2020-02-11T00:39:27.312Z] [worker-api-db9a61e0-c32c-495b-b81b-1c1df4eb562f]: BUSY
[debug] [2020-02-11T00:39:27.312Z] [runtime-status] [11130] Trigger "api" has been found, beginning invocation!
[info] i  functions: Beginning execution of "api"
[debug] [2020-02-11T00:39:27.313Z] [runtime-status] [11130] triggerDefinition {"httpsTrigger":{},"name":"api","entryPoint":"api"}
[debug] [2020-02-11T00:39:27.313Z] [runtime-status] [11130] Running api in mode HTTPS
[debug] [2020-02-11T00:39:27.313Z] [runtime-status] [11130] Attempting to listen to socketPath: /var/folders/gs/q6pvt9_54_z4k6t5xtm19fpw0000gn/T/fire_emu_11130.sock
[debug] [2020-02-11T00:39:27.314Z] [functions] Runtime ready! Sending request!
[debug] [2020-02-11T00:39:27.317Z] [runtime-status] [11130] Ephemeral server handling POST request
[debug] [2020-02-11T00:39:27.357Z] [runtime-status] [11130] Ephemeral server survived.
[info] >   FileStream {
[info] >    _readableState: ReadableState {
[info] >      objectMode: false,
[info] >      highWaterMark: 16384,
[info] >      buffer: BufferList { head: null, tail: null, length: 0 },
[info] >      length: 0,
[info] >      pipes: null,
[info] >      pipesCount: 0,
[info] >      flowing: null,
[info] >      ended: false,
[info] >      endEmitted: false,
[info] >      reading: false,
[info] >      sync: true,
[info] >      needReadable: false,
[info] >      emittedReadable: false,
[info] >      readableListening: false,
[info] >      resumeScheduled: false,
[info] >      paused: true,
[info] >      emitClose: true,
[info] >      autoDestroy: false,
[info] >      destroyed: false,
[info] >      defaultEncoding: 'utf8',
[info] >      awaitDrain: 0,
[info] >      readingMore: false,
[info] >      decoder: null,
[info] >      encoding: null
[info] >    },
[info] >    readable: true,
[info] >    _events: [Object: null prototype] { end: [Function] },
[info] >    _eventsCount: 1,
[info] >    _maxListeners: undefined,
[info] >    truncated: false,
[info] >    _read: [Function]
[info] >  } 50632955_2200680436619627_2142960918588293120_n.jpg 7bit image/jpeg
[info] i  functions: Finished "api" in ~1s
[debug] [2020-02-11T00:39:29.010Z] [worker-api-db9a61e0-c32c-495b-b81b-1c1df4eb562f]: IDLE
[debug] [2020-02-11T00:39:29.010Z] [work-queue] {"queueLength":0,"workRunningCount":0}
[debug] [2020-02-11T00:40:15.887Z] [work-queue] {"queueLength":1,"workRunningCount":0}
[debug] [2020-02-11T00:40:15.887Z] [work-queue] {"queueLength":0,"workRunningCount":1}
[debug] [2020-02-11T00:40:15.887Z] Accepted request GET /hwoverflow-app/us-central1/api/user --> api
[debug] [2020-02-11T00:40:15.887Z] [worker-pool] submitWork(triggerId=api)
[debug] [2020-02-11T00:40:15.887Z] [worker-api-db9a61e0-c32c-495b-b81b-1c1df4eb562f]: Assigning socketPath: /var/folders/gs/q6pvt9_54_z4k6t5xtm19fpw0000gn/T/fire_emu_11130.sock
[debug] [2020-02-11T00:40:15.887Z] [worker-api-db9a61e0-c32c-495b-b81b-1c1df4eb562f]: BUSY
[debug] [2020-02-11T00:40:15.888Z] [runtime-status] [11130] Trigger "api" has been found, beginning invocation!
[info] i  functions: Beginning execution of "api"
[debug] [2020-02-11T00:40:15.888Z] [runtime-status] [11130] triggerDefinition {"httpsTrigger":{},"name":"api","entryPoint":"api"}
[debug] [2020-02-11T00:40:15.888Z] [runtime-status] [11130] Running api in mode HTTPS
[debug] [2020-02-11T00:40:15.888Z] [runtime-status] [11130] Attempting to listen to socketPath: /var/folders/gs/q6pvt9_54_z4k6t5xtm19fpw0000gn/T/fire_emu_11130.sock
[debug] [2020-02-11T00:40:15.889Z] [functions] Runtime ready! Sending request!
[debug] [2020-02-11T00:40:15.893Z] [runtime-status] [11130] Ephemeral server handling GET request
[debug] [2020-02-11T00:40:15.894Z] [runtime-status] [11130] Ephemeral server survived.
[info] i  functions: Finished "api" in ~1s
[debug] [2020-02-11T00:40:16.270Z] [worker-api-db9a61e0-c32c-495b-b81b-1c1df4eb562f]: IDLE
[debug] [2020-02-11T00:40:16.270Z] [work-queue] {"queueLength":0,"workRunningCount":0}
[debug] [2020-02-11T00:40:42.191Z] [work-queue] {"queueLength":1,"workRunningCount":0}
[debug] [2020-02-11T00:40:42.191Z] [work-queue] {"queueLength":0,"workRunningCount":1}
[debug] [2020-02-11T00:40:42.191Z] Accepted request GET /hwoverflow-app/us-central1/api/questions --> api
[debug] [2020-02-11T00:40:42.191Z] [worker-pool] submitWork(triggerId=api)
[debug] [2020-02-11T00:40:42.191Z] [worker-api-db9a61e0-c32c-495b-b81b-1c1df4eb562f]: Assigning socketPath: /var/folders/gs/q6pvt9_54_z4k6t5xtm19fpw0000gn/T/fire_emu_11130.sock
[debug] [2020-02-11T00:40:42.191Z] [worker-api-db9a61e0-c32c-495b-b81b-1c1df4eb562f]: BUSY
[debug] [2020-02-11T00:40:42.192Z] [runtime-status] [11130] Trigger "api" has been found, beginning invocation!
[info] i  functions: Beginning execution of "api"
[debug] [2020-02-11T00:40:42.192Z] [runtime-status] [11130] triggerDefinition {"httpsTrigger":{},"name":"api","entryPoint":"api"}
[debug] [2020-02-11T00:40:42.192Z] [runtime-status] [11130] Running api in mode HTTPS
[debug] [2020-02-11T00:40:42.192Z] [runtime-status] [11130] Attempting to listen to socketPath: /var/folders/gs/q6pvt9_54_z4k6t5xtm19fpw0000gn/T/fire_emu_11130.sock
[debug] [2020-02-11T00:40:42.193Z] [functions] Runtime ready! Sending request!
[debug] [2020-02-11T00:40:42.194Z] [runtime-status] [11130] Ephemeral server handling GET request
[debug] [2020-02-11T00:40:42.195Z] [runtime-status] [11130] Ephemeral server survived.
[info] i  functions: Finished "api" in ~1s
[debug] [2020-02-11T00:40:42.417Z] [worker-api-db9a61e0-c32c-495b-b81b-1c1df4eb562f]: IDLE
[debug] [2020-02-11T00:40:42.417Z] [work-queue] {"queueLength":0,"workRunningCount":0}
[debug] [2020-02-11T01:00:26.728Z] ----------------------------------------------------------------------
[debug] [2020-02-11T01:00:26.730Z] Command:       /usr/local/Cellar/node/12.10.0/bin/node /usr/local/bin/firebase serve
[debug] [2020-02-11T01:00:26.730Z] CLI Version:   7.11.0
[debug] [2020-02-11T01:00:26.730Z] Platform:      darwin
[debug] [2020-02-11T01:00:26.730Z] Node Version:  v12.10.0
[debug] [2020-02-11T01:00:26.730Z] Time:          Mon Feb 10 2020 17:00:26 GMT-0800 (Pacific Standard Time)
[debug] [2020-02-11T01:00:26.731Z] ----------------------------------------------------------------------
[debug] [2020-02-11T01:00:26.731Z] 
[debug] [2020-02-11T01:00:26.741Z] > command requires scopes: ["email","openid","https://www.googleapis.com/auth/cloudplatformprojects.readonly","https://www.googleapis.com/auth/firebase","https://www.googleapis.com/auth/cloud-platform"]
[debug] [2020-02-11T01:00:26.742Z] > authorizing via signed-in user
[debug] [2020-02-11T01:00:26.742Z] [iam] checking project hwoverflow-app for permissions ["firebase.projects.get"]
[debug] [2020-02-11T01:00:26.743Z] > refreshing access token with scopes: ["email","https://www.googleapis.com/auth/cloud-platform","https://www.googleapis.com/auth/cloudplatformprojects.readonly","https://www.googleapis.com/auth/firebase","openid"]
[debug] [2020-02-11T01:00:26.743Z] >>> HTTP REQUEST POST https://www.googleapis.com/oauth2/v3/token  
 <request body omitted>
[debug] [2020-02-11T01:00:27.120Z] <<< HTTP RESPONSE 200
[debug] [2020-02-11T01:00:27.131Z] >>> HTTP REQUEST POST https://cloudresourcemanager.googleapis.com/v1/projects/hwoverflow-app:testIamPermissions  

[debug] [2020-02-11T01:00:27.349Z] <<< HTTP RESPONSE 200
[debug] [2020-02-11T01:00:27.350Z] >>> HTTP REQUEST GET https://firebase.googleapis.com/v1beta1/projects/hwoverflow-app  
 
[debug] [2020-02-11T01:00:27.583Z] <<< HTTP RESPONSE 200
[info] 
[info] === Serving from '/Users/tashyue/Desktop/hwoverflow'...
[info] 
[warn] ⚠  Your requested "node" version "8" doesn't match your global version "12"
[info] ✔  functions: Emulator started at http://localhost:5000
[info] i  functions: Watching "/Users/tashyue/Desktop/hwoverflow/functions" for Cloud Functions...
[debug] [2020-02-11T01:00:27.862Z] [worker-pool] addWorker(~diagnostic~)
[debug] [2020-02-11T01:00:27.862Z] [worker-pool] Adding worker with key ~diagnostic~, total=1
[debug] [2020-02-11T01:00:27.862Z] [worker-pool] submitWork(triggerId=)
[debug] [2020-02-11T01:00:27.863Z] [worker-~diagnostic~-cd7be786-17f9-4b86-a1d6-6c0708f2a94c]: Assigning socketPath: /var/folders/gs/q6pvt9_54_z4k6t5xtm19fpw0000gn/T/fire_emu_11401.sock
[debug] [2020-02-11T01:00:27.863Z] [worker-~diagnostic~-cd7be786-17f9-4b86-a1d6-6c0708f2a94c]: BUSY
[debug] [2020-02-11T01:00:28.012Z] [runtime-status] [11401] Functions runtime initialized. {"cwd":"/Users/tashyue/Desktop/hwoverflow/functions","node_version":"12.10.0"}
[debug] [2020-02-11T01:00:28.013Z] [runtime-status] [11401] Disabled runtime features: {"functions_config_helper":true,"network_filtering":true,"timeout":true,"memory_limiting":true,"admin_stubs":true,"pubsub_emulator":true}
[debug] [2020-02-11T01:00:28.014Z] [runtime-status] [11401] Resolved module firebase-admin {"declared":true,"installed":true,"version":"8.9.0","resolution":"/Users/tashyue/Desktop/hwoverflow/functions/node_modules/firebase-admin/lib/index.js"}
[debug] [2020-02-11T01:00:28.014Z] [runtime-status] [11401] Resolved module firebase-functions {"declared":true,"installed":true,"version":"3.3.0","resolution":"/Users/tashyue/Desktop/hwoverflow/functions/node_modules/firebase-functions/lib/index.js"}
[debug] [2020-02-11T01:00:28.015Z] [runtime-status] [11401] Resolved module firebase-functions {"declared":true,"installed":true,"version":"3.3.0","resolution":"/Users/tashyue/Desktop/hwoverflow/functions/node_modules/firebase-functions/lib/index.js"}
[info] ✔  functions[api]: http function initialized (http://localhost:5000/hwoverflow-app/us-central1/api).
[debug] [2020-02-11T01:00:28.354Z] [worker-~diagnostic~-cd7be786-17f9-4b86-a1d6-6c0708f2a94c]: IDLE
[debug] [2020-02-11T01:01:24.485Z] [work-queue] {"queueLength":1,"workRunningCount":0}
[debug] [2020-02-11T01:01:24.485Z] [work-queue] {"queueLength":0,"workRunningCount":1}
[debug] [2020-02-11T01:01:24.486Z] Accepted request GET /hwoverflow-app/us-central/api/questions --> api
[debug] [2020-02-11T01:01:24.489Z] [worker-pool] addWorker(api)
[debug] [2020-02-11T01:01:24.490Z] [worker-pool] Adding worker with key api, total=1
[debug] [2020-02-11T01:01:24.490Z] [worker-pool] submitWork(triggerId=api)
[debug] [2020-02-11T01:01:24.490Z] [worker-api-023f1b7a-5c65-4d4c-b616-84a9b3e7c1ce]: Assigning socketPath: /var/folders/gs/q6pvt9_54_z4k6t5xtm19fpw0000gn/T/fire_emu_11424.sock
[debug] [2020-02-11T01:01:24.490Z] [worker-api-023f1b7a-5c65-4d4c-b616-84a9b3e7c1ce]: BUSY
[debug] [2020-02-11T01:01:24.655Z] [runtime-status] [11424] Functions runtime initialized. {"cwd":"/Users/tashyue/Desktop/hwoverflow/functions","node_version":"12.10.0"}
[debug] [2020-02-11T01:01:24.656Z] [runtime-status] [11424] Disabled runtime features: {"functions_config_helper":true,"network_filtering":true,"timeout":true,"memory_limiting":true,"admin_stubs":true,"pubsub_emulator":true}
[debug] [2020-02-11T01:01:24.658Z] [runtime-status] [11424] Resolved module firebase-admin {"declared":true,"installed":true,"version":"8.9.0","resolution":"/Users/tashyue/Desktop/hwoverflow/functions/node_modules/firebase-admin/lib/index.js"}
[debug] [2020-02-11T01:01:24.658Z] [runtime-status] [11424] Resolved module firebase-functions {"declared":true,"installed":true,"version":"3.3.0","resolution":"/Users/tashyue/Desktop/hwoverflow/functions/node_modules/firebase-functions/lib/index.js"}
[debug] [2020-02-11T01:01:24.659Z] [runtime-status] [11424] Resolved module firebase-functions {"declared":true,"installed":true,"version":"3.3.0","resolution":"/Users/tashyue/Desktop/hwoverflow/functions/node_modules/firebase-functions/lib/index.js"}
[debug] [2020-02-11T01:01:24.960Z] [runtime-status] [11424] Trigger "api" has been found, beginning invocation!
[info] i  functions: Beginning execution of "api"
[debug] [2020-02-11T01:01:24.960Z] [runtime-status] [11424] triggerDefinition {"httpsTrigger":{},"name":"api","entryPoint":"api"}
[debug] [2020-02-11T01:01:24.960Z] [runtime-status] [11424] Running api in mode HTTPS
[debug] [2020-02-11T01:01:24.962Z] [runtime-status] [11424] Attempting to listen to socketPath: /var/folders/gs/q6pvt9_54_z4k6t5xtm19fpw0000gn/T/fire_emu_11424.sock
[debug] [2020-02-11T01:01:24.965Z] [functions] Runtime ready! Sending request!
[debug] [2020-02-11T01:01:24.971Z] [runtime-status] [11424] Ephemeral server handling GET request
[debug] [2020-02-11T01:01:25.061Z] [runtime-status] [11424] Ephemeral server survived.
[info] i  functions: Finished "api" in ~25s
[debug] [2020-02-11T01:01:50.618Z] [worker-api-023f1b7a-5c65-4d4c-b616-84a9b3e7c1ce]: IDLE
[debug] [2020-02-11T01:01:50.618Z] [work-queue] {"queueLength":0,"workRunningCount":0}
[debug] [2020-02-11T01:07:44.723Z] [work-queue] {"queueLength":1,"workRunningCount":0}
[debug] [2020-02-11T01:07:44.723Z] [work-queue] {"queueLength":0,"workRunningCount":1}
[debug] [2020-02-11T01:07:44.723Z] Accepted request GET /hwoverflow-app/us-central1/api/user --> api
[debug] [2020-02-11T01:07:44.723Z] [worker-pool] submitWork(triggerId=api)
[debug] [2020-02-11T01:07:44.723Z] [worker-api-023f1b7a-5c65-4d4c-b616-84a9b3e7c1ce]: Assigning socketPath: /var/folders/gs/q6pvt9_54_z4k6t5xtm19fpw0000gn/T/fire_emu_11424.sock
[debug] [2020-02-11T01:07:44.723Z] [worker-api-023f1b7a-5c65-4d4c-b616-84a9b3e7c1ce]: BUSY
[debug] [2020-02-11T01:07:44.723Z] [runtime-status] [11424] Trigger "api" has been found, beginning invocation!
[info] i  functions: Beginning execution of "api"
[debug] [2020-02-11T01:07:44.724Z] [runtime-status] [11424] triggerDefinition {"httpsTrigger":{},"name":"api","entryPoint":"api"}
[debug] [2020-02-11T01:07:44.724Z] [runtime-status] [11424] Running api in mode HTTPS
[debug] [2020-02-11T01:07:44.724Z] [runtime-status] [11424] Attempting to listen to socketPath: /var/folders/gs/q6pvt9_54_z4k6t5xtm19fpw0000gn/T/fire_emu_11424.sock
[debug] [2020-02-11T01:07:44.725Z] [functions] Runtime ready! Sending request!
[debug] [2020-02-11T01:07:44.729Z] [runtime-status] [11424] Ephemeral server handling GET request
[debug] [2020-02-11T01:07:44.748Z] [runtime-status] [11424] Ephemeral server survived.
[info] i  functions: Finished "api" in ~1s
[debug] [2020-02-11T01:07:45.431Z] [worker-api-023f1b7a-5c65-4d4c-b616-84a9b3e7c1ce]: IDLE
[debug] [2020-02-11T01:07:45.431Z] [work-queue] {"queueLength":0,"workRunningCount":0}
[debug] [2020-02-11T01:07:58.551Z] [work-queue] {"queueLength":1,"workRunningCount":0}
[debug] [2020-02-11T01:07:58.551Z] [work-queue] {"queueLength":0,"workRunningCount":1}
[debug] [2020-02-11T01:07:58.551Z] Accepted request POST /hwoverflow-app/us-central1/api/login --> api
[debug] [2020-02-11T01:07:58.551Z] [worker-pool] submitWork(triggerId=api)
[debug] [2020-02-11T01:07:58.551Z] [worker-api-023f1b7a-5c65-4d4c-b616-84a9b3e7c1ce]: Assigning socketPath: /var/folders/gs/q6pvt9_54_z4k6t5xtm19fpw0000gn/T/fire_emu_11424.sock
[debug] [2020-02-11T01:07:58.551Z] [worker-api-023f1b7a-5c65-4d4c-b616-84a9b3e7c1ce]: BUSY
[debug] [2020-02-11T01:07:58.552Z] [runtime-status] [11424] Trigger "api" has been found, beginning invocation!
[info] i  functions: Beginning execution of "api"
[debug] [2020-02-11T01:07:58.552Z] [runtime-status] [11424] triggerDefinition {"httpsTrigger":{},"name":"api","entryPoint":"api"}
[debug] [2020-02-11T01:07:58.552Z] [runtime-status] [11424] Running api in mode HTTPS
[debug] [2020-02-11T01:07:58.552Z] [runtime-status] [11424] Attempting to listen to socketPath: /var/folders/gs/q6pvt9_54_z4k6t5xtm19fpw0000gn/T/fire_emu_11424.sock
[debug] [2020-02-11T01:07:58.553Z] [functions] Runtime ready! Sending request!
[debug] [2020-02-11T01:07:58.564Z] [runtime-status] [11424] Ephemeral server handling POST request
[debug] [2020-02-11T01:07:58.576Z] [runtime-status] [11424] Ephemeral server survived.
[info] i  functions: Finished "api" in ~1s
[debug] [2020-02-11T01:07:59.613Z] [worker-api-023f1b7a-5c65-4d4c-b616-84a9b3e7c1ce]: IDLE
[debug] [2020-02-11T01:07:59.613Z] [work-queue] {"queueLength":0,"workRunningCount":0}
[debug] [2020-02-11T01:08:11.209Z] [work-queue] {"queueLength":1,"workRunningCount":0}
[debug] [2020-02-11T01:08:11.209Z] [work-queue] {"queueLength":0,"workRunningCount":1}
[debug] [2020-02-11T01:08:11.209Z] Accepted request GET /hwoverflow-app/us-central1/api/user --> api
[debug] [2020-02-11T01:08:11.209Z] [worker-pool] submitWork(triggerId=api)
[debug] [2020-02-11T01:08:11.209Z] [worker-api-023f1b7a-5c65-4d4c-b616-84a9b3e7c1ce]: Assigning socketPath: /var/folders/gs/q6pvt9_54_z4k6t5xtm19fpw0000gn/T/fire_emu_11424.sock
[debug] [2020-02-11T01:08:11.209Z] [worker-api-023f1b7a-5c65-4d4c-b616-84a9b3e7c1ce]: BUSY
[debug] [2020-02-11T01:08:11.209Z] [runtime-status] [11424] Trigger "api" has been found, beginning invocation!
[info] i  functions: Beginning execution of "api"
[debug] [2020-02-11T01:08:11.210Z] [runtime-status] [11424] triggerDefinition {"httpsTrigger":{},"name":"api","entryPoint":"api"}
[debug] [2020-02-11T01:08:11.210Z] [runtime-status] [11424] Running api in mode HTTPS
[debug] [2020-02-11T01:08:11.210Z] [runtime-status] [11424] Attempting to listen to socketPath: /var/folders/gs/q6pvt9_54_z4k6t5xtm19fpw0000gn/T/fire_emu_11424.sock
[debug] [2020-02-11T01:08:11.210Z] [functions] Runtime ready! Sending request!
[debug] [2020-02-11T01:08:11.212Z] [runtime-status] [11424] Ephemeral server handling GET request
[debug] [2020-02-11T01:08:11.213Z] [runtime-status] [11424] Ephemeral server survived.
[info] i  functions: Finished "api" in ~1s
[debug] [2020-02-11T01:08:12.206Z] [worker-api-023f1b7a-5c65-4d4c-b616-84a9b3e7c1ce]: IDLE
[debug] [2020-02-11T01:08:12.206Z] [work-queue] {"queueLength":0,"workRunningCount":0}
[debug] [2020-02-11T01:08:52.847Z] File /Users/tashyue/Desktop/hwoverflow/functions/handlers/users.js changed, reloading triggers
[debug] [2020-02-11T01:08:53.850Z] [worker-pool] Shutting down IDLE worker (~diagnostic~)
[debug] [2020-02-11T01:08:53.850Z] [worker-~diagnostic~-cd7be786-17f9-4b86-a1d6-6c0708f2a94c]: FINISHING
[debug] [2020-02-11T01:08:53.850Z] [worker-pool] Shutting down IDLE worker (api)
[debug] [2020-02-11T01:08:53.850Z] [worker-api-023f1b7a-5c65-4d4c-b616-84a9b3e7c1ce]: FINISHING
[debug] [2020-02-11T01:08:53.856Z] [worker-pool] addWorker(~diagnostic~)
[debug] [2020-02-11T01:08:53.856Z] [worker-pool] Adding worker with key ~diagnostic~, total=2
[debug] [2020-02-11T01:08:53.856Z] [worker-pool] submitWork(triggerId=)
[debug] [2020-02-11T01:08:53.857Z] [worker-~diagnostic~-9dadef1e-483f-4d4c-b2d4-5995d097e331]: Assigning socketPath: /var/folders/gs/q6pvt9_54_z4k6t5xtm19fpw0000gn/T/fire_emu_11511.sock
[debug] [2020-02-11T01:08:53.857Z] [worker-~diagnostic~-9dadef1e-483f-4d4c-b2d4-5995d097e331]: BUSY
[debug] [2020-02-11T01:08:53.860Z] [worker-~diagnostic~-cd7be786-17f9-4b86-a1d6-6c0708f2a94c]: exited
[debug] [2020-02-11T01:08:53.860Z] [worker-~diagnostic~-cd7be786-17f9-4b86-a1d6-6c0708f2a94c]: FINISHED
[debug] [2020-02-11T01:08:53.861Z] [worker-api-023f1b7a-5c65-4d4c-b616-84a9b3e7c1ce]: exited
[debug] [2020-02-11T01:08:53.861Z] [worker-api-023f1b7a-5c65-4d4c-b616-84a9b3e7c1ce]: FINISHED
[debug] [2020-02-11T01:08:54.027Z] [runtime-status] [11511] Functions runtime initialized. {"cwd":"/Users/tashyue/Desktop/hwoverflow/functions","node_version":"12.10.0"}
[debug] [2020-02-11T01:08:54.028Z] [runtime-status] [11511] Disabled runtime features: {"functions_config_helper":true,"network_filtering":true,"timeout":true,"memory_limiting":true,"admin_stubs":true,"pubsub_emulator":true}
[debug] [2020-02-11T01:08:54.029Z] [runtime-status] [11511] Resolved module firebase-admin {"declared":true,"installed":true,"version":"8.9.0","resolution":"/Users/tashyue/Desktop/hwoverflow/functions/node_modules/firebase-admin/lib/index.js"}
[debug] [2020-02-11T01:08:54.030Z] [runtime-status] [11511] Resolved module firebase-functions {"declared":true,"installed":true,"version":"3.3.0","resolution":"/Users/tashyue/Desktop/hwoverflow/functions/node_modules/firebase-functions/lib/index.js"}
[debug] [2020-02-11T01:08:54.030Z] [runtime-status] [11511] Resolved module firebase-functions {"declared":true,"installed":true,"version":"3.3.0","resolution":"/Users/tashyue/Desktop/hwoverflow/functions/node_modules/firebase-functions/lib/index.js"}
[debug] [2020-02-11T01:08:54.353Z] [worker-~diagnostic~-9dadef1e-483f-4d4c-b2d4-5995d097e331]: IDLE
[debug] [2020-02-11T01:08:55.639Z] [work-queue] {"queueLength":1,"workRunningCount":0}
[debug] [2020-02-11T01:08:55.639Z] [work-queue] {"queueLength":0,"workRunningCount":1}
[debug] [2020-02-11T01:08:55.639Z] Accepted request GET /hwoverflow-app/us-central1/api/user --> api
[debug] [2020-02-11T01:08:55.639Z] [worker-pool] Cleaned up workers for ~diagnostic~: 2 --> 1
[debug] [2020-02-11T01:08:55.639Z] [worker-pool] Cleaned up workers for api: 1 --> 0
[debug] [2020-02-11T01:08:55.642Z] [worker-pool] addWorker(api)
[debug] [2020-02-11T01:08:55.642Z] [worker-pool] Adding worker with key api, total=1
[debug] [2020-02-11T01:08:55.642Z] [worker-pool] submitWork(triggerId=api)
[debug] [2020-02-11T01:08:55.642Z] [worker-api-bf7b55d8-d8ba-444d-bfb4-86f255a293aa]: Assigning socketPath: /var/folders/gs/q6pvt9_54_z4k6t5xtm19fpw0000gn/T/fire_emu_11520.sock
[debug] [2020-02-11T01:08:55.642Z] [worker-api-bf7b55d8-d8ba-444d-bfb4-86f255a293aa]: BUSY
[debug] [2020-02-11T01:08:55.806Z] [runtime-status] [11520] Functions runtime initialized. {"cwd":"/Users/tashyue/Desktop/hwoverflow/functions","node_version":"12.10.0"}
[debug] [2020-02-11T01:08:55.806Z] [runtime-status] [11520] Disabled runtime features: {"functions_config_helper":true,"network_filtering":true,"timeout":true,"memory_limiting":true,"admin_stubs":true,"pubsub_emulator":true}
[debug] [2020-02-11T01:08:55.807Z] [runtime-status] [11520] Resolved module firebase-admin {"declared":true,"installed":true,"version":"8.9.0","resolution":"/Users/tashyue/Desktop/hwoverflow/functions/node_modules/firebase-admin/lib/index.js"}
[debug] [2020-02-11T01:08:55.807Z] [runtime-status] [11520] Resolved module firebase-functions {"declared":true,"installed":true,"version":"3.3.0","resolution":"/Users/tashyue/Desktop/hwoverflow/functions/node_modules/firebase-functions/lib/index.js"}
[debug] [2020-02-11T01:08:55.808Z] [runtime-status] [11520] Resolved module firebase-functions {"declared":true,"installed":true,"version":"3.3.0","resolution":"/Users/tashyue/Desktop/hwoverflow/functions/node_modules/firebase-functions/lib/index.js"}
[debug] [2020-02-11T01:08:56.103Z] [runtime-status] [11520] Trigger "api" has been found, beginning invocation!
[info] i  functions: Beginning execution of "api"
[debug] [2020-02-11T01:08:56.103Z] [runtime-status] [11520] triggerDefinition {"httpsTrigger":{},"name":"api","entryPoint":"api"}
[debug] [2020-02-11T01:08:56.103Z] [runtime-status] [11520] Running api in mode HTTPS
[debug] [2020-02-11T01:08:56.105Z] [runtime-status] [11520] Attempting to listen to socketPath: /var/folders/gs/q6pvt9_54_z4k6t5xtm19fpw0000gn/T/fire_emu_11520.sock
[debug] [2020-02-11T01:08:56.107Z] [functions] Runtime ready! Sending request!
[debug] [2020-02-11T01:08:56.115Z] [runtime-status] [11520] Ephemeral server handling GET request
[debug] [2020-02-11T01:08:56.140Z] [runtime-status] [11520] Ephemeral server survived.
[info] >  TypeError: Cannot read property 'forEach' of undefined
[info] >      at /Users/tashyue/Desktop/hwoverflow/functions/handlers/users.js:130:14
[info] >      at processTicksAndRejections (internal/process/task_queues.js:93:5)
[info] i  functions: Finished "api" in ~1s
[debug] [2020-02-11T01:08:57.524Z] [worker-api-bf7b55d8-d8ba-444d-bfb4-86f255a293aa]: IDLE
[debug] [2020-02-11T01:08:57.524Z] [work-queue] {"queueLength":0,"workRunningCount":0}
[debug] [2020-02-11T01:09:18.810Z] File /Users/tashyue/Desktop/hwoverflow/functions/handlers/users.js changed, reloading triggers
[debug] [2020-02-11T01:09:19.810Z] [worker-pool] Shutting down IDLE worker (~diagnostic~)
[debug] [2020-02-11T01:09:19.810Z] [worker-~diagnostic~-9dadef1e-483f-4d4c-b2d4-5995d097e331]: FINISHING
[debug] [2020-02-11T01:09:19.810Z] [worker-pool] Shutting down IDLE worker (api)
[debug] [2020-02-11T01:09:19.811Z] [worker-api-bf7b55d8-d8ba-444d-bfb4-86f255a293aa]: FINISHING
[debug] [2020-02-11T01:09:19.816Z] [worker-pool] addWorker(~diagnostic~)
[debug] [2020-02-11T01:09:19.816Z] [worker-pool] Adding worker with key ~diagnostic~, total=2
[debug] [2020-02-11T01:09:19.816Z] [worker-pool] submitWork(triggerId=)
[debug] [2020-02-11T01:09:19.816Z] [worker-~diagnostic~-060b8253-812e-4537-a5aa-b7838b8688ac]: Assigning socketPath: /var/folders/gs/q6pvt9_54_z4k6t5xtm19fpw0000gn/T/fire_emu_11521.sock
[debug] [2020-02-11T01:09:19.816Z] [worker-~diagnostic~-060b8253-812e-4537-a5aa-b7838b8688ac]: BUSY
[debug] [2020-02-11T01:09:19.819Z] [worker-~diagnostic~-9dadef1e-483f-4d4c-b2d4-5995d097e331]: exited
[debug] [2020-02-11T01:09:19.819Z] [worker-~diagnostic~-9dadef1e-483f-4d4c-b2d4-5995d097e331]: FINISHED
[debug] [2020-02-11T01:09:19.820Z] [worker-api-bf7b55d8-d8ba-444d-bfb4-86f255a293aa]: exited
[debug] [2020-02-11T01:09:19.820Z] [worker-api-bf7b55d8-d8ba-444d-bfb4-86f255a293aa]: FINISHED
[debug] [2020-02-11T01:09:19.989Z] [runtime-status] [11521] Functions runtime initialized. {"cwd":"/Users/tashyue/Desktop/hwoverflow/functions","node_version":"12.10.0"}
[debug] [2020-02-11T01:09:19.991Z] [runtime-status] [11521] Disabled runtime features: {"functions_config_helper":true,"network_filtering":true,"timeout":true,"memory_limiting":true,"admin_stubs":true,"pubsub_emulator":true}
[debug] [2020-02-11T01:09:19.992Z] [runtime-status] [11521] Resolved module firebase-admin {"declared":true,"installed":true,"version":"8.9.0","resolution":"/Users/tashyue/Desktop/hwoverflow/functions/node_modules/firebase-admin/lib/index.js"}
[debug] [2020-02-11T01:09:19.993Z] [runtime-status] [11521] Resolved module firebase-functions {"declared":true,"installed":true,"version":"3.3.0","resolution":"/Users/tashyue/Desktop/hwoverflow/functions/node_modules/firebase-functions/lib/index.js"}
[debug] [2020-02-11T01:09:19.993Z] [runtime-status] [11521] Resolved module firebase-functions {"declared":true,"installed":true,"version":"3.3.0","resolution":"/Users/tashyue/Desktop/hwoverflow/functions/node_modules/firebase-functions/lib/index.js"}
[debug] [2020-02-11T01:09:20.319Z] [worker-~diagnostic~-060b8253-812e-4537-a5aa-b7838b8688ac]: IDLE
[debug] [2020-02-11T01:09:21.802Z] [work-queue] {"queueLength":1,"workRunningCount":0}
[debug] [2020-02-11T01:09:21.802Z] [work-queue] {"queueLength":0,"workRunningCount":1}
[debug] [2020-02-11T01:09:21.802Z] Accepted request GET /hwoverflow-app/us-central1/api/user --> api
[debug] [2020-02-11T01:09:21.802Z] [worker-pool] Cleaned up workers for ~diagnostic~: 2 --> 1
[debug] [2020-02-11T01:09:21.802Z] [worker-pool] Cleaned up workers for api: 1 --> 0
[debug] [2020-02-11T01:09:21.805Z] [worker-pool] addWorker(api)
[debug] [2020-02-11T01:09:21.805Z] [worker-pool] Adding worker with key api, total=1
[debug] [2020-02-11T01:09:21.805Z] [worker-pool] submitWork(triggerId=api)
[debug] [2020-02-11T01:09:21.805Z] [worker-api-bf201d3c-cf52-43f9-849c-9d6b3ba78733]: Assigning socketPath: /var/folders/gs/q6pvt9_54_z4k6t5xtm19fpw0000gn/T/fire_emu_11530.sock
[debug] [2020-02-11T01:09:21.806Z] [worker-api-bf201d3c-cf52-43f9-849c-9d6b3ba78733]: BUSY
[debug] [2020-02-11T01:09:21.961Z] [runtime-status] [11530] Functions runtime initialized. {"cwd":"/Users/tashyue/Desktop/hwoverflow/functions","node_version":"12.10.0"}
[debug] [2020-02-11T01:09:21.962Z] [runtime-status] [11530] Disabled runtime features: {"functions_config_helper":true,"network_filtering":true,"timeout":true,"memory_limiting":true,"admin_stubs":true,"pubsub_emulator":true}
[debug] [2020-02-11T01:09:21.963Z] [runtime-status] [11530] Resolved module firebase-admin {"declared":true,"installed":true,"version":"8.9.0","resolution":"/Users/tashyue/Desktop/hwoverflow/functions/node_modules/firebase-admin/lib/index.js"}
[debug] [2020-02-11T01:09:21.964Z] [runtime-status] [11530] Resolved module firebase-functions {"declared":true,"installed":true,"version":"3.3.0","resolution":"/Users/tashyue/Desktop/hwoverflow/functions/node_modules/firebase-functions/lib/index.js"}
[debug] [2020-02-11T01:09:21.964Z] [runtime-status] [11530] Resolved module firebase-functions {"declared":true,"installed":true,"version":"3.3.0","resolution":"/Users/tashyue/Desktop/hwoverflow/functions/node_modules/firebase-functions/lib/index.js"}
[debug] [2020-02-11T01:09:22.251Z] [runtime-status] [11530] Trigger "api" has been found, beginning invocation!
[info] i  functions: Beginning execution of "api"
[debug] [2020-02-11T01:09:22.252Z] [runtime-status] [11530] triggerDefinition {"httpsTrigger":{},"name":"api","entryPoint":"api"}
[debug] [2020-02-11T01:09:22.252Z] [runtime-status] [11530] Running api in mode HTTPS
[debug] [2020-02-11T01:09:22.254Z] [runtime-status] [11530] Attempting to listen to socketPath: /var/folders/gs/q6pvt9_54_z4k6t5xtm19fpw0000gn/T/fire_emu_11530.sock
[debug] [2020-02-11T01:09:22.256Z] [functions] Runtime ready! Sending request!
[debug] [2020-02-11T01:09:22.263Z] [runtime-status] [11530] Ephemeral server handling GET request
[debug] [2020-02-11T01:09:22.286Z] [runtime-status] [11530] Ephemeral server survived.
[info] i  functions: Finished "api" in ~1s
[debug] [2020-02-11T01:09:23.474Z] [worker-api-bf201d3c-cf52-43f9-849c-9d6b3ba78733]: IDLE
[debug] [2020-02-11T01:09:23.474Z] [work-queue] {"queueLength":0,"workRunningCount":0}
[debug] [2020-02-13T01:40:32.955Z] [work-queue] {"queueLength":1,"workRunningCount":0}
[debug] [2020-02-13T01:40:32.959Z] [work-queue] {"queueLength":0,"workRunningCount":1}
[debug] [2020-02-13T01:40:32.959Z] Accepted request POST /hwoverflow-app/us-central1/api/login --> api
[debug] [2020-02-13T01:40:32.975Z] [worker-pool] submitWork(triggerId=api)
[debug] [2020-02-13T01:40:32.976Z] [worker-api-bf201d3c-cf52-43f9-849c-9d6b3ba78733]: Assigning socketPath: /var/folders/gs/q6pvt9_54_z4k6t5xtm19fpw0000gn/T/fire_emu_11530.sock
[debug] [2020-02-13T01:40:32.976Z] [worker-api-bf201d3c-cf52-43f9-849c-9d6b3ba78733]: BUSY
[debug] [2020-02-13T01:40:33.016Z] [runtime-status] [11530] Trigger "api" has been found, beginning invocation!
[info] i  functions: Beginning execution of "api"
[debug] [2020-02-13T01:40:33.019Z] [runtime-status] [11530] triggerDefinition {"httpsTrigger":{},"name":"api","entryPoint":"api"}
[debug] [2020-02-13T01:40:33.019Z] [runtime-status] [11530] Running api in mode HTTPS
[debug] [2020-02-13T01:40:33.027Z] [runtime-status] [11530] Attempting to listen to socketPath: /var/folders/gs/q6pvt9_54_z4k6t5xtm19fpw0000gn/T/fire_emu_11530.sock
[debug] [2020-02-13T01:40:33.042Z] [functions] Runtime ready! Sending request!
[debug] [2020-02-13T01:40:33.112Z] [runtime-status] [11530] Ephemeral server handling POST request
[debug] [2020-02-13T01:40:33.136Z] [runtime-status] [11530] Ephemeral server survived.
[info] i  functions: Finished "api" in ~1s
[debug] [2020-02-13T01:40:33.655Z] [worker-api-bf201d3c-cf52-43f9-849c-9d6b3ba78733]: IDLE
[debug] [2020-02-13T01:40:33.655Z] [work-queue] {"queueLength":0,"workRunningCount":0}
[debug] [2020-02-13T01:40:56.904Z] [work-queue] {"queueLength":1,"workRunningCount":0}
[debug] [2020-02-13T01:40:56.904Z] [work-queue] {"queueLength":0,"workRunningCount":1}
[debug] [2020-02-13T01:40:56.904Z] Accepted request GET /hwoverflow-app/us-central1/api/user --> api
[debug] [2020-02-13T01:40:56.904Z] [worker-pool] submitWork(triggerId=api)
[debug] [2020-02-13T01:40:56.904Z] [worker-api-bf201d3c-cf52-43f9-849c-9d6b3ba78733]: Assigning socketPath: /var/folders/gs/q6pvt9_54_z4k6t5xtm19fpw0000gn/T/fire_emu_11530.sock
[debug] [2020-02-13T01:40:56.904Z] [worker-api-bf201d3c-cf52-43f9-849c-9d6b3ba78733]: BUSY
[debug] [2020-02-13T01:40:56.904Z] [runtime-status] [11530] Trigger "api" has been found, beginning invocation!
[info] i  functions: Beginning execution of "api"
[debug] [2020-02-13T01:40:56.906Z] [runtime-status] [11530] triggerDefinition {"httpsTrigger":{},"name":"api","entryPoint":"api"}
[debug] [2020-02-13T01:40:56.906Z] [runtime-status] [11530] Running api in mode HTTPS
[debug] [2020-02-13T01:40:56.907Z] [runtime-status] [11530] Attempting to listen to socketPath: /var/folders/gs/q6pvt9_54_z4k6t5xtm19fpw0000gn/T/fire_emu_11530.sock
[debug] [2020-02-13T01:40:56.907Z] [functions] Runtime ready! Sending request!
[debug] [2020-02-13T01:40:56.910Z] [runtime-status] [11530] Ephemeral server handling GET request
[debug] [2020-02-13T01:40:56.912Z] [runtime-status] [11530] Ephemeral server survived.
[info] i  functions: Finished "api" in ~1s
[debug] [2020-02-13T01:40:57.643Z] [worker-api-bf201d3c-cf52-43f9-849c-9d6b3ba78733]: IDLE
[debug] [2020-02-13T01:40:57.643Z] [work-queue] {"queueLength":0,"workRunningCount":0}
